<?xml version="1.0" encoding="utf-8"?><testsuites name="pytest tests"><testsuite name="pytest" errors="0" failures="0" skipped="0" tests="11" time="1.104" timestamp="2026-07-11T08:41:42.487935+00:00" hostname="agent-env-1b74a35e-7169-4e09-a51f-05e320516379"><testcase classname="backend.tests.backend_test.TestHealth" name="test_health_ok" time="0.173" /><testcase classname="backend.tests.backend_test.TestScanStatus" name="test_scan_status_complete" time="0.049" /><testcase classname="backend.tests.backend_test.TestMarketStats" name="test_market_stats_shape" time="0.052" /><testcase classname="backend.tests.backend_test.TestArbitrageOpps" name="test_arb_opps_shape" time="0.051" /><testcase classname="backend.tests.backend_test.TestMarkets" name="test_markets_search_cpi" time="0.060" /><testcase classname="backend.tests.backend_test.TestWatchlist" name="test_create_watchlist" time="0.066" /><testcase classname="backend.tests.backend_test.TestWatchlist" name="test_get_watchlist" time="0.048" /><testcase classname="backend.tests.backend_test.TestWatchlist" name="test_patch_watchlist" time="0.054" /><testcase classname="backend.tests.backend_test.TestWatchlist" name="test_delete_watchlist" time="0.100" /><testcase classname="backend.tests.backend_test.TestArbitrageHistory" name="test_history_flow" time="0.160" /><testcase classname="backend.tests.backend_test.TestWhales" name="test_whales_leaderboard" time="0.193" /></testsuite></testsuites>